[2024-07-05T10:44:02.959814+00:00] article_logger.INFO: Displayed Article List. [] []
[2024-07-05T10:44:23.243212+00:00] article_logger.INFO: Created new article with title: Book123456 [] []
[2024-07-05T10:44:23.380315+00:00] article_logger.INFO: Displayed Article List. [] []
[2024-07-05T10:46:47.395921+00:00] article_logger.INFO: Created new article with title: sldamsdms; [] []
[2024-07-05T10:46:47.508323+00:00] article_logger.INFO: Displayed Article List. [] []
[2024-07-05T10:51:38.946462+00:00] article_logger.INFO: Displayed article with id: 1 [] []
[2024-07-05T10:52:04.411707+00:00] article_logger.INFO: Displayed Article List. [] []
[2024-07-05T10:52:08.921667+00:00] article_logger.INFO: Displayed article with id: 1 [] []
[2024-07-05T10:52:10.887093+00:00] article_logger.INFO: Editing article with id: 1 [] []
[2024-07-05T10:52:20.729624+00:00] article_logger.INFO: Updated Article with id:1 [] []
[2024-07-05T10:52:20.835867+00:00] article_logger.INFO: Displayed article with id: 1 [] []
[2024-07-05T10:52:24.479010+00:00] article_logger.INFO: Displayed Article List. [] []
[2024-07-05T10:52:27.485962+00:00] article_logger.INFO: Displayed article with id: 1 [] []
[2024-07-05T10:52:55.172967+00:00] article_logger.INFO: Displayed Article List. [] []
[2024-07-05T10:52:58.473512+00:00] article_logger.INFO: Displayed Article List. [] []
[2024-07-05T10:53:11.552440+00:00] article_logger.INFO: Created new article with title: aaaaaaaaaaa [] []
[2024-07-05T10:53:11.631735+00:00] article_logger.INFO: Displayed Article List. [] []
[2024-07-05T10:54:30.258572+00:00] article_logger.INFO: Displayed article with id: 3 [] []
[2024-07-05T10:55:55.648309+00:00] article_logger.INFO: Displayed article with id: 3 [] []
[2024-07-05T10:58:36.424612+00:00] article_logger.INFO: Displayed Article List. [] []
[2024-07-05T10:58:45.273278+00:00] article_logger.INFO: Displayed article with id: 3 [] []
[2024-07-05T10:58:49.645747+00:00] article_logger.INFO: Displayed Article List. [] []
[2024-07-05T10:59:02.779547+00:00] article_logger.INFO: Created new article with title: asbdjk [] []
[2024-07-05T10:59:02.863299+00:00] article_logger.INFO: Displayed Article List. [] []
[2024-07-05T10:59:15.238014+00:00] article_logger.INFO: Created new article with title: asdaaaasdknlknasnd''''''''''''''''' [] []
[2024-07-05T10:59:15.321954+00:00] article_logger.INFO: Displayed Article List. [] []
[2024-07-05T10:59:20.538895+00:00] article_logger.INFO: Displayed Article List. [] []
[2024-07-05T10:59:23.364266+00:00] article_logger.INFO: Displayed article with id: 4 [] []
[2024-07-05T10:59:26.459662+00:00] article_logger.INFO: Editing article with id: 4 [] []
[2024-07-05T10:59:35.926493+00:00] article_logger.INFO: Updated Article with id:4 [] []
[2024-07-05T10:59:36.027735+00:00] article_logger.INFO: Displayed article with id: 4 [] []
[2024-07-05T10:59:38.829462+00:00] article_logger.INFO: Editing article with id: 4 [] []
[2024-07-05T10:59:41.114071+00:00] article_logger.INFO: Updated Article with id:4 [] []
[2024-07-05T10:59:41.197064+00:00] article_logger.INFO: Displayed article with id: 4 [] []
[2024-07-05T10:59:42.754753+00:00] article_logger.INFO: Displayed Article List. [] []
[2024-07-05T10:59:51.188377+00:00] article_logger.INFO: Created new article with title:  [] []
[2024-07-05T10:59:51.281213+00:00] article_logger.INFO: Displayed Article List. [] []
[2024-07-05T11:00:54.059660+00:00] article_logger.INFO: Created new article with title: aaa [] []
[2024-07-05T11:00:54.141314+00:00] article_logger.INFO: Displayed Article List. [] []
[2024-07-05T11:01:01.359576+00:00] article_logger.INFO: Created new article with title: aaa [] []
[2024-07-05T11:01:01.446155+00:00] article_logger.INFO: Displayed Article List. [] []
[2024-07-05T11:01:03.052349+00:00] article_logger.INFO: Displayed Article List. [] []
[2024-07-05T11:01:03.819633+00:00] article_logger.INFO: Displayed Article List. [] []
[2024-07-05T11:01:06.373555+00:00] article_logger.INFO: Displayed Article List. [] []
[2024-07-05T11:01:10.392836+00:00] article_logger.INFO: Displayed Article List. [] []
[2024-07-05T11:01:40.172079+00:00] article_logger.INFO: Created new article with title: asdadsd [] []
[2024-07-05T11:01:40.262510+00:00] article_logger.INFO: Displayed Article List. [] []
[2024-07-05T11:01:52.090307+00:00] article_logger.INFO: Created new article with title: 1234567890 [] []
[2024-07-05T11:01:52.169221+00:00] article_logger.INFO: Displayed Article List. [] []
[2024-07-05T11:01:54.351726+00:00] article_logger.INFO: Displayed article with id: 10 [] []
[2024-07-05T11:01:57.696704+00:00] article_logger.INFO: Displayed Article List. [] []
[2024-07-05T11:02:25.442059+00:00] article_logger.INFO: Displayed Article List. [] []
[2024-07-05T11:07:10.673721+00:00] article_logger.INFO: Displayed article with id: 2 [] []
[2024-07-05T11:07:21.070186+00:00] article_logger.INFO: Displayed article with id: 2 [] []
[2024-07-05T11:07:22.313348+00:00] article_logger.INFO: Displayed article with id: 2 [] []
[2024-07-05T11:07:25.462997+00:00] article_logger.INFO: Displayed Article List. [] []
[2024-07-05T11:07:26.808216+00:00] article_logger.INFO: Displayed article with id: 10 [] []
[2024-07-05T11:07:28.152774+00:00] article_logger.INFO: Displayed Article List. [] []
[2024-07-05T11:08:12.587689+00:00] article_logger.INFO: Displayed Article List. [] []
[2024-07-05T11:08:13.767512+00:00] article_logger.INFO: Displayed Article List. [] []
[2024-07-05T11:08:17.930857+00:00] article_logger.INFO: Displayed article with id: 3 [] []
[2024-07-05T11:08:20.446732+00:00] article_logger.INFO: Displayed Article List. [] []
[2024-07-05T11:10:25.512607+00:00] article_logger.INFO: Displayed Article List. [] []
[2024-07-05T11:10:27.430367+00:00] article_logger.INFO: Displayed article with id: 9 [] []
[2024-07-05T11:10:30.476384+00:00] article_logger.INFO: Displayed Article List. [] []
[2024-07-05T11:10:39.600659+00:00] article_logger.INFO: Displayed Article List. [] []
[2024-07-05T11:11:09.837600+00:00] article_logger.INFO: Displayed Article List. [] []
[2024-07-05T11:11:24.069989+00:00] article_logger.INFO: Displayed Article List. [] []
[2024-07-05T11:19:29.730249+00:00] article_logger.INFO: Displayed Article List. [] []
[2024-07-05T11:19:32.229211+00:00] article_logger.INFO: Displayed article with id: 10 [] []
[2024-07-05T11:19:38.726656+00:00] article_logger.INFO: Displayed Article List. [] []
[2024-07-05T11:25:22.394932+00:00] article_logger.INFO: Displayed Article List. [] []
[2024-07-05T11:25:36.861810+00:00] article_logger.INFO: Created new article with title: masdmal [] []
[2024-07-05T11:25:36.944894+00:00] article_logger.INFO: Displayed Article List. [] []
[2024-07-05T11:25:39.449159+00:00] article_logger.INFO: Displayed article with id: 11 [] []
[2024-07-05T11:25:41.413078+00:00] article_logger.INFO: Displayed Article List. [] []
[2024-07-05T11:25:46.686610+00:00] article_logger.INFO: Displayed article with id: 2 [] []
[2024-07-05T11:25:48.717967+00:00] article_logger.INFO: Displayed Article List. [] []
[2024-07-05T11:25:57.244829+00:00] article_logger.INFO: Displayed Article List. [] []
[2024-07-05T11:26:01.402682+00:00] article_logger.INFO: Editing article with id: 9 [] []
[2024-07-05T11:26:08.936027+00:00] article_logger.INFO: Updated Article with id:9 [] []
[2024-07-05T11:26:09.026367+00:00] article_logger.INFO: Displayed article with id: 9 [] []
[2024-07-05T11:26:10.586401+00:00] article_logger.INFO: Displayed Article List. [] []
[2024-07-05T11:26:46.107544+00:00] article_logger.INFO: Displayed article with id: 2 [] []
[2024-07-05T11:26:47.719340+00:00] article_logger.INFO: Editing article with id: 2 [] []
[2024-07-05T11:27:21.705020+00:00] article_logger.INFO: Updated Article with id:2 [] []
[2024-07-05T11:27:21.817292+00:00] article_logger.INFO: Displayed article with id: 2 [] []
[2024-07-05T11:27:23.496491+00:00] article_logger.INFO: Displayed Article List. [] []
[2024-07-05T11:36:13.100581+00:00] article_logger.INFO: Created new article with title: A book [] []
[2024-07-05T11:36:13.215738+00:00] article_logger.INFO: Displayed Article List. [] []
[2024-07-05T11:36:16.506436+00:00] article_logger.INFO: Displayed Article List. [] []
[2024-07-05T11:44:31.695448+00:00] article_logger.INFO: Displayed article with id: 2 [] []
[2024-07-05T11:44:33.224621+00:00] article_logger.INFO: Editing article with id: 2 [] []
[2024-07-05T11:44:38.713620+00:00] article_logger.INFO: Updated Article with id:2 [] []
[2024-07-05T11:44:38.792437+00:00] article_logger.INFO: Displayed article with id: 2 [] []
[2024-07-05T11:44:40.729066+00:00] article_logger.INFO: Editing article with id: 2 [] []
[2024-07-05T11:44:42.075855+00:00] article_logger.INFO: Displayed Article List. [] []
[2024-07-05T11:44:51.433349+00:00] article_logger.INFO: Created new article with title: ASDSDASDSD [] []
[2024-07-05T11:44:51.515634+00:00] article_logger.INFO: Displayed Article List. [] []
[2024-07-05T11:44:52.735429+00:00] article_logger.INFO: Displayed article with id: 13 [] []
[2024-07-05T11:44:57.180808+00:00] article_logger.INFO: Displayed Article List. [] []
[2024-07-05T11:44:58.714121+00:00] article_logger.INFO: Displayed article with id: 2 [] []
[2024-07-05T11:45:02.580208+00:00] article_logger.INFO: Displayed Article List. [] []
[2024-07-05T11:45:22.500763+00:00] article_logger.INFO: Displayed Article List. [] []
